Using pre-set license
Built from '2020.3/staging' branch; Version is '2020.3.4f1 (0abb6314276a) revision 703331'; Using compiler version '192528614'; Build Type 'Release'
OS: 'Windows 10 Enterprise; OS build 19042.928; Version 2009; 64bit' Language: 'en' Physical Memory: 32609 MB
BatchMode: 1, IsHumanControllingUs: 0, StartBugReporterOnCrash: 0, Is64bit: 1, IsPro: 0

 COMMAND LINE ARGUMENTS:
C:\Program Files\Unity\Hub\Editor\2020.3.4f1\Editor\Unity.exe
-adb2
-batchMode
-noUpm
-name
AssetImportWorker0
-projectPath
D:/WorkingProjects/Inventory_Shooter
-logFile
Logs/AssetImportWorker0.log
-srvPort
60582
Successfully changed project path to: D:/WorkingProjects/Inventory_Shooter
D:/WorkingProjects/Inventory_Shooter
Using Asset Import Pipeline V2.
Refreshing native plugins compatible for Editor in 20.06 ms, found 0 plugins.
Preloading 0 native plugins for Editor in 0.00 ms.
Initialize engine version: 2020.3.4f1 (0abb6314276a)
[Subsystems] Discovering subsystems at path C:/Program Files/Unity/Hub/Editor/2020.3.4f1/Editor/Data/Resources/UnitySubsystems
[Subsystems] Discovering subsystems at path D:/WorkingProjects/Inventory_Shooter/Assets
GfxDevice: creating device client; threaded=0
Direct3D:
    Version:  Direct3D 11.0 [level 11.1]
    Renderer: Intel(R) UHD Graphics 630 (ID=0x9bc5)
    Vendor:   
    VRAM:     16304 MB
    Driver:   27.20.100.8681
Initialize mono
Mono path[0] = 'C:/Program Files/Unity/Hub/Editor/2020.3.4f1/Editor/Data/Managed'
Mono path[1] = 'C:/Program Files/Unity/Hub/Editor/2020.3.4f1/Editor/Data/MonoBleedingEdge/lib/mono/unityjit'
Mono config path = 'C:/Program Files/Unity/Hub/Editor/2020.3.4f1/Editor/Data/MonoBleedingEdge/etc'
Using monoOptions --debugger-agent=transport=dt_socket,embedding=1,server=y,suspend=n,address=127.0.0.1:56644
Begin MonoManager ReloadAssembly
Registering precompiled unity dll's ...
Register platform support module: C:/Program Files/Unity/Hub/Editor/2020.3.4f1/Editor/Data/PlaybackEngines/WindowsStandaloneSupport/UnityEditor.WindowsStandalone.Extensions.dll
Registered in 0.001751 seconds.
Native extension for WindowsStandalone target not found
Refreshing native plugins compatible for Editor in 21.91 ms, found 0 plugins.
Preloading 0 native plugins for Editor in 0.00 ms.
Mono: successfully reloaded assembly
- Completed reload, in  1.598 seconds
Platform modules already initialized, skipping
Registering precompiled user dll's ...
Registered in 0.000431 seconds.
Begin MonoManager ReloadAssembly
Native extension for WindowsStandalone target not found
Refreshing native plugins compatible for Editor in 0.20 ms, found 0 plugins.
Preloading 0 native plugins for Editor in 0.00 ms.
Mono: successfully reloaded assembly
- Completed reload, in  0.755 seconds
Platform modules already initialized, skipping
========================================================================
Worker process is ready to serve import requests
Launched and connected shader compiler UnityShaderCompiler.exe after 0.04 seconds
Refreshing native plugins compatible for Editor in 0.30 ms, found 0 plugins.
Preloading 0 native plugins for Editor in 0.00 ms.
Unloading 1133 Unused Serialized files (Serialized files now loaded: 0)
System memory in use before: 57.6 MB.
System memory in use after: 57.7 MB.

Unloading 10 unused Assets to reduce memory usage. Loaded Objects now: 1576.
Total: 1.610900 ms (FindLiveObjects: 0.140100 ms CreateObjectMapping: 0.040100 ms MarkObjects: 1.359200 ms  DeleteObjects: 0.070400 ms)

========================================================================
Received Import Request.
  path: Assets/Scripts/Character Inventory/CharacterInventory.cs
  artifactKey: Guid(de7c320ea9b9f26489de4b097aa7537a) Importer(815301076,1909f56bfc062723c751e8b465ee728b)
Start importing Assets/Scripts/Character Inventory/CharacterInventory.cs using Guid(de7c320ea9b9f26489de4b097aa7537a) Importer(815301076,1909f56bfc062723c751e8b465ee728b)  -> (artifact id: 'e5aa06d07ae1905456265bfeea1e612c') in 0.012312 seconds
  Import took 0.014047 seconds .

========================================================================
Received Prepare
Registering precompiled user dll's ...
Registered in 0.000362 seconds.
Begin MonoManager ReloadAssembly
Native extension for WindowsStandalone target not found
Refreshing native plugins compatible for Editor in 0.19 ms, found 0 plugins.
Preloading 0 native plugins for Editor in 0.00 ms.
Mono: successfully reloaded assembly
- Completed reload, in  0.680 seconds
Platform modules already initialized, skipping
Refreshing native plugins compatible for Editor in 0.18 ms, found 0 plugins.
Preloading 0 native plugins for Editor in 0.00 ms.
Unloading 1128 Unused Serialized files (Serialized files now loaded: 0)
System memory in use before: 57.6 MB.
System memory in use after: 57.6 MB.

Unloading 5 unused Assets to reduce memory usage. Loaded Objects now: 1579.
Total: 1.489900 ms (FindLiveObjects: 0.207400 ms CreateObjectMapping: 0.036100 ms MarkObjects: 1.209400 ms  DeleteObjects: 0.036300 ms)

========================================================================
Received Import Request.
  Time since last request: 131.146765 seconds.
  path: Assets/Scripts/Scriptable Objects
  artifactKey: Guid(94749389d4a89644782591e1c897b6b3) Importer(815301076,1909f56bfc062723c751e8b465ee728b)
Start importing Assets/Scripts/Scriptable Objects using Guid(94749389d4a89644782591e1c897b6b3) Importer(815301076,1909f56bfc062723c751e8b465ee728b)  -> (artifact id: '7f0b0ac0de1f058bfe1363acde595889') in 0.004064 seconds
  Import took 0.005844 seconds .

========================================================================
Received Prepare
Registering precompiled user dll's ...
Registered in 0.000407 seconds.
Begin MonoManager ReloadAssembly
Native extension for WindowsStandalone target not found
Refreshing native plugins compatible for Editor in 0.21 ms, found 0 plugins.
Preloading 0 native plugins for Editor in 0.00 ms.
Mono: successfully reloaded assembly
- Completed reload, in  0.689 seconds
Platform modules already initialized, skipping
Refreshing native plugins compatible for Editor in 0.20 ms, found 0 plugins.
Preloading 0 native plugins for Editor in 0.00 ms.
Unloading 1129 Unused Serialized files (Serialized files now loaded: 0)
System memory in use before: 57.6 MB.
System memory in use after: 57.7 MB.

Unloading 5 unused Assets to reduce memory usage. Loaded Objects now: 1583.
Total: 1.439000 ms (FindLiveObjects: 0.173500 ms CreateObjectMapping: 0.044500 ms MarkObjects: 1.183500 ms  DeleteObjects: 0.036800 ms)

========================================================================
Received Import Request.
  Time since last request: 31.975222 seconds.
  path: Assets/Scripts/Scriptable Objects/ItemPickUps_SO.cs
  artifactKey: Guid(01e2728de0c4e154f931cdb015505540) Importer(815301076,1909f56bfc062723c751e8b465ee728b)
Start importing Assets/Scripts/Scriptable Objects/ItemPickUps_SO.cs using Guid(01e2728de0c4e154f931cdb015505540) Importer(815301076,1909f56bfc062723c751e8b465ee728b)  -> (artifact id: '3bbd9cb1bf4b516fca54df0359629e7b') in 0.003684 seconds
  Import took 0.005429 seconds .

========================================================================
Received Import Request.
  Time since last request: 0.027318 seconds.
  path: Assets/Scripts/Scriptable Objects/ItemPickUps_SO.cs
  artifactKey: Guid(01e2728de0c4e154f931cdb015505540) Importer(815301076,1909f56bfc062723c751e8b465ee728b)
Start importing Assets/Scripts/Scriptable Objects/ItemPickUps_SO.cs using Guid(01e2728de0c4e154f931cdb015505540) Importer(815301076,1909f56bfc062723c751e8b465ee728b)  -> (artifact id: '3bbd9cb1bf4b516fca54df0359629e7b') in 0.001542 seconds
  Import took 0.003272 seconds .

========================================================================
Received Import Request.
  Time since last request: 5.193975 seconds.
  path: Assets/Scripts/Scriptable Objects/CharacterStats_SO.cs
  artifactKey: Guid(c4354c8e456e0ed47ac0e0c287229bfa) Importer(815301076,1909f56bfc062723c751e8b465ee728b)
Start importing Assets/Scripts/Scriptable Objects/CharacterStats_SO.cs using Guid(c4354c8e456e0ed47ac0e0c287229bfa) Importer(815301076,1909f56bfc062723c751e8b465ee728b)  -> (artifact id: 'f1f7e57dd82c53a39baf7daca9659176') in 0.001736 seconds
  Import took 0.003349 seconds .

========================================================================
Received Import Request.
  Time since last request: 0.001618 seconds.
  path: Assets/Scripts/Scriptable Objects/CharacterStats_SO.cs
  artifactKey: Guid(c4354c8e456e0ed47ac0e0c287229bfa) Importer(815301076,1909f56bfc062723c751e8b465ee728b)
Start importing Assets/Scripts/Scriptable Objects/CharacterStats_SO.cs using Guid(c4354c8e456e0ed47ac0e0c287229bfa) Importer(815301076,1909f56bfc062723c751e8b465ee728b)  -> (artifact id: 'f1f7e57dd82c53a39baf7daca9659176') in 0.001630 seconds
  Import took 0.003295 seconds .

========================================================================
Received Prepare
Registering precompiled user dll's ...
Registered in 0.000402 seconds.
Begin MonoManager ReloadAssembly
Native extension for WindowsStandalone target not found
Refreshing native plugins compatible for Editor in 0.20 ms, found 0 plugins.
Preloading 0 native plugins for Editor in 0.00 ms.
Mono: successfully reloaded assembly
- Completed reload, in  0.680 seconds
Platform modules already initialized, skipping
Refreshing native plugins compatible for Editor in 0.18 ms, found 0 plugins.
Preloading 0 native plugins for Editor in 0.00 ms.
Unloading 1130 Unused Serialized files (Serialized files now loaded: 0)
System memory in use before: 57.7 MB.
System memory in use after: 57.7 MB.

Unloading 5 unused Assets to reduce memory usage. Loaded Objects now: 1587.
Total: 1.574800 ms (FindLiveObjects: 0.132600 ms CreateObjectMapping: 0.035300 ms MarkObjects: 1.344300 ms  DeleteObjects: 0.061800 ms)

========================================================================
Received Import Request.
  Time since last request: 5452.308334 seconds.
  path: Assets/Scripts/Scriptable Objects/CharacterStats_SO.cs
  artifactKey: Guid(c4354c8e456e0ed47ac0e0c287229bfa) Importer(815301076,1909f56bfc062723c751e8b465ee728b)
Start importing Assets/Scripts/Scriptable Objects/CharacterStats_SO.cs using Guid(c4354c8e456e0ed47ac0e0c287229bfa) Importer(815301076,1909f56bfc062723c751e8b465ee728b)  -> (artifact id: 'b66e48efe163e0ce10f8c9772bdb6da4') in 0.003267 seconds
  Import took 0.004841 seconds .

========================================================================
Received Prepare
Registering precompiled user dll's ...
Registered in 0.000422 seconds.
Begin MonoManager ReloadAssembly
Native extension for WindowsStandalone target not found
Refreshing native plugins compatible for Editor in 0.20 ms, found 0 plugins.
Preloading 0 native plugins for Editor in 0.00 ms.
Mono: successfully reloaded assembly
- Completed reload, in  0.678 seconds
Platform modules already initialized, skipping
Refreshing native plugins compatible for Editor in 0.19 ms, found 0 plugins.
Preloading 0 native plugins for Editor in 0.00 ms.
Unloading 1130 Unused Serialized files (Serialized files now loaded: 0)
System memory in use before: 57.7 MB.
System memory in use after: 57.7 MB.

Unloading 5 unused Assets to reduce memory usage. Loaded Objects now: 1590.
Total: 1.455800 ms (FindLiveObjects: 0.129300 ms CreateObjectMapping: 0.034500 ms MarkObjects: 1.248600 ms  DeleteObjects: 0.042600 ms)

========================================================================
Received Prepare
Registering precompiled user dll's ...
Registered in 0.000545 seconds.
Begin MonoManager ReloadAssembly
Native extension for WindowsStandalone target not found
Refreshing native plugins compatible for Editor in 0.26 ms, found 0 plugins.
Preloading 0 native plugins for Editor in 0.00 ms.
Mono: successfully reloaded assembly
- Completed reload, in  0.861 seconds
Platform modules already initialized, skipping
Refreshing native plugins compatible for Editor in 0.26 ms, found 0 plugins.
Preloading 0 native plugins for Editor in 0.00 ms.
Unloading 1130 Unused Serialized files (Serialized files now loaded: 0)
System memory in use before: 57.7 MB.
System memory in use after: 57.7 MB.

Unloading 5 unused Assets to reduce memory usage. Loaded Objects now: 1593.
Total: 2.143400 ms (FindLiveObjects: 0.240800 ms CreateObjectMapping: 0.063400 ms MarkObjects: 1.770900 ms  DeleteObjects: 0.066800 ms)

========================================================================
Received Import Request.
  Time since last request: 1772.963861 seconds.
  path: Assets/Prefabs/PlayerDecorator 1.prefab
  artifactKey: Guid(d255a6a2c99388142b947d41108e7ef9) Importer(815301076,1909f56bfc062723c751e8b465ee728b)
Start importing Assets/Prefabs/PlayerDecorator 1.prefab using Guid(d255a6a2c99388142b947d41108e7ef9) Importer(815301076,1909f56bfc062723c751e8b465ee728b)  -> (artifact id: '3305a25f5e760679247da66bb1292359') in 0.080817 seconds
  Import took 0.083237 seconds .

========================================================================
Received Import Request.
  Time since last request: 199.612447 seconds.
  path: Assets/Prefabs/PlayerDecorator 1.prefab
  artifactKey: Guid(d255a6a2c99388142b947d41108e7ef9) Importer(815301076,1909f56bfc062723c751e8b465ee728b)
Start importing Assets/Prefabs/PlayerDecorator 1.prefab using Guid(d255a6a2c99388142b947d41108e7ef9) Importer(815301076,1909f56bfc062723c751e8b465ee728b)  -> (artifact id: '5d62fb0f28bcca152b0e0a0e28f0068f') in 0.009922 seconds
  Import took 0.012011 seconds .

========================================================================
Received Prepare
Registering precompiled user dll's ...
Registered in 0.000718 seconds.
Begin MonoManager ReloadAssembly
Native extension for WindowsStandalone target not found
Refreshing native plugins compatible for Editor in 0.24 ms, found 0 plugins.
Preloading 0 native plugins for Editor in 0.00 ms.
Mono: successfully reloaded assembly
- Completed reload, in  0.860 seconds
Platform modules already initialized, skipping
Refreshing native plugins compatible for Editor in 0.29 ms, found 0 plugins.
Preloading 0 native plugins for Editor in 0.00 ms.
Unloading 1130 Unused Serialized files (Serialized files now loaded: 0)
System memory in use before: 60.8 MB.
System memory in use after: 60.9 MB.

Unloading 6 unused Assets to reduce memory usage. Loaded Objects now: 1605.
Total: 1.771500 ms (FindLiveObjects: 0.175100 ms CreateObjectMapping: 0.044200 ms MarkObjects: 1.496300 ms  DeleteObjects: 0.054700 ms)

